<?xml version="1.0" encoding="UTF-8"?>
<!-- Generated by org.testng.reporters.JUnitReportReporter -->
<testsuite skipped="0" hostname="LAPTOP-KLD48MHA" name="qaclickacademy.Mavenjava.AppiumTest" tests="2" failures="0" timestamp="2020-12-18T01:05:11 IST" time="0.005" errors="0">
  <testcase name="NativeAppAndroid" time="0.001" classname="qaclickacademy.Mavenjava.AppiumTest"/>
  <system-out/>
  <testcase name="iosApp" time="0.004" classname="qaclickacademy.Mavenjava.AppiumTest"/>
  <system-out/>
</testsuite> <!-- qaclickacademy.Mavenjava.AppiumTest -->
