<?xml version="1.0" encoding="UTF-8"?>
<!-- Generated by org.testng.reporters.JUnitReportReporter -->
<testsuite skipped="0" hostname="LAPTOP-KLD48MHA" name="qaclickacademy.Mavenjava.App" tests="1" failures="0" timestamp="2020-12-18T01:05:11 IST" time="0.011" errors="0">
  <testcase name="testthis" time="0.011" classname="qaclickacademy.Mavenjava.App"/>
  <system-out/>
</testsuite> <!-- qaclickacademy.Mavenjava.App -->
