<?xml version="1.0" encoding="UTF-8"?>
<!-- Generated by org.testng.reporters.JUnitReportReporter -->
<testsuite skipped="0" hostname="LAPTOP-KLD48MHA" name="qaclickacademy.Mavenjava.RestApiTest" tests="2" failures="0" timestamp="2020-12-18T01:56:36 IST" time="0.000" errors="0">
  <testcase name="postJira" time="0.000" classname="qaclickacademy.Mavenjava.RestApiTest"/>
  <system-out/>
  <testcase name="deleteTwitter" time="0.000" classname="qaclickacademy.Mavenjava.RestApiTest"/>
  <system-out/>
</testsuite> <!-- qaclickacademy.Mavenjava.RestApiTest -->
